<?xml version="1.0" encoding="UTF-8"?>
<!-- Generated by org.testng.reporters.JUnitXMLReporter -->
<testsuite ignored="3" hostname="MacBook-Pro.fios-router.home" failures="0" tests="1" name="Default test" time="16.409" errors="0" timestamp="2022-11-20T09:22:11 EST">
  <testcase classname="TestCases.MyAccountRegistration" name="registrationWithEmptyPassword" time="16.023"/>
  <testcase classname="TestCases.MyAccountRegistration" name="registrationSignin" time="0.0">
    <ignored/>
  </testcase> <!-- registrationSignin -->
  <testcase classname="TestCases.MyAccountRegistration" name="registrationWithInvalidId" time="0.0">
    <ignored/>
  </testcase> <!-- registrationWithInvalidId -->
  <testcase classname="TestCases.MyAccountRegistration" name="registrationWithEmptyId" time="0.0">
    <ignored/>
  </testcase> <!-- registrationWithEmptyId -->
</testsuite> <!-- Default test -->
