<?xml version="1.0" encoding="UTF-8"?>
<testng-results ignored="3" total="4" passed="1" failed="0" skipped="0">
  <reporter-output>
  </reporter-output>
  <suite started-at="2022-11-20T09:21:55 EST" name="Default suite" finished-at="2022-11-20T09:22:11 EST" duration-ms="16409">
    <groups>
    </groups>
    <test started-at="2022-11-20T09:21:55 EST" name="Default test" finished-at="2022-11-20T09:22:11 EST" duration-ms="16409">
      <class name="TestCases.MyAccountRegistration">
        <test-method is-config="true" signature="getDriver()[pri:0, instance:TestCases.MyAccountRegistration@847f3e7]" started-at="2022-11-20T09:21:55 EST" name="getDriver" finished-at="2022-11-20T09:21:55 EST" duration-ms="8" status="PASS">
          <reporter-output>
          </reporter-output>
        </test-method> <!-- getDriver -->
        <test-method signature="registrationWithEmptyPassword()[pri:4, instance:TestCases.MyAccountRegistration@847f3e7]" started-at="2022-11-20T09:21:55 EST" name="registrationWithEmptyPassword" finished-at="2022-11-20T09:22:11 EST" duration-ms="16023" status="PASS">
          <reporter-output>
          </reporter-output>
        </test-method> <!-- registrationWithEmptyPassword -->
        <test-method is-config="true" signature="tearDown()[pri:0, instance:TestCases.MyAccountRegistration@847f3e7]" started-at="2022-11-20T09:22:11 EST" name="tearDown" finished-at="2022-11-20T09:22:11 EST" duration-ms="256" status="PASS">
          <reporter-output>
          </reporter-output>
        </test-method> <!-- tearDown -->
      </class> <!-- TestCases.MyAccountRegistration -->
    </test> <!-- Default test -->
  </suite> <!-- Default suite -->
</testng-results>
